<?xml version="1.0" encoding="UTF-8"?>
<!-- Generated by org.testng.reporters.JUnitXMLReporter -->
<testsuite ignored="0" hostname="TL0017" failures="0" tests="2" name="Test" time="3.932" errors="0" timestamp="2022-05-25T19:30:53 IST">
  <testcase classname="targetLocators.testcase.CreateLead" name="createLead" time="0.0">
    <skipped/>
  </testcase> <!-- createLead -->
  <testcase classname="targetLocators.testcase.DeleteLead" name="deleteLead" time="0.0">
    <skipped/>
  </testcase> <!-- deleteLead -->
</testsuite> <!-- Test -->
